<?xml version="1.0" encoding="UTF-8"?>
<!-- Generated by org.testng.reporters.JUnitReportReporter -->
<testsuite name="com.test.Demotest" tests="1" time="0.018" ignored="0" failures="0" timestamp="02 Jul 2021 17:36:40 GMT" skipped="0" hostname="LAPTOP-LR29RQ75" errors="0">
  <testcase name="test01" time="0.018" classname="com.test.Demotest"/>
</testsuite> <!-- com.test.Demotest -->
